#
# There is insufficient memory for the Java Runtime Environment to continue.
# Native memory allocation (mmap) failed to map 65011712 bytes for G1 virtual space
# Possible reasons:
#   The system is out of physical RAM or swap space
#   The process is running with CompressedOops enabled, and the Java Heap may be blocking the growth of the native heap
# Possible solutions:
#   Reduce memory load on the system
#   Increase physical memory or swap space
#   Check if swap backing store is full
#   Decrease Java heap size (-Xmx/-Xms)
#   Decrease number of Java threads
#   Decrease Java thread stack sizes (-Xss)
#   Set larger code cache with -XX:ReservedCodeCacheSize=
#   JVM is running with Unscaled Compressed Oops mode in which the Java heap is
#     placed in the first 4GB address space. The Java Heap base address is the
#     maximum limit for the native heap growth. Please use -XX:HeapBaseMinAddress
#     to set the Java Heap base and to place the Java Heap above 4GB virtual address.
# This output file may be truncated or incomplete.
#
#  Out of Memory Error (os_windows.cpp:3528), pid=4172, tid=9480
#
# JRE version:  (20.0.1+9) (build )
# Java VM: Java HotSpot(TM) 64-Bit Server VM (20.0.1+9-29, mixed mode, sharing, tiered, compressed oops, compressed class ptrs, g1 gc, windows-amd64)
# No core dump will be written. Minidumps are not enabled by default on client versions of Windows
#

---------------  S U M M A R Y ------------

Command Line: exemplo.NovoBatalhaNaval

Host: Intel(R) Pentium(R) CPU  N3700  @ 1.60GHz, 4 cores, 3G,  Windows 10 , 64 bit Build 19041 (10.0.19041.2913)
Time: Thu Jun  1 07:53:57 2023 Hora oficial do Brasil elapsed time: 0.045602 seconds (0d 0h 0m 0s)

---------------  T H R E A D  ---------------

Current thread (0x000001d21574ca00):  JavaThread "Unknown thread" [_thread_in_vm, id=9480, stack(0x0000004d39e00000,0x0000004d39f00000)]

Stack: [0x0000004d39e00000,0x0000004d39f00000]
Native frames: (J=compiled Java code, j=interpreted, Vv=VM code, C=native code)
V  [jvm.dll+0x6bb95a]
V  [jvm.dll+0x8485fa]
V  [jvm.dll+0x84a1f5]
V  [jvm.dll+0x84a8f3]
V  [jvm.dll+0x280b0f]
V  [jvm.dll+0x6b86e9]
V  [jvm.dll+0x6ad2da]
V  [jvm.dll+0x35adf5]
V  [jvm.dll+0x363016]
V  [jvm.dll+0x3b3b3e]
V  [jvm.dll+0x3b3dc5]
V  [jvm.dll+0x32b50a]
V  [jvm.dll+0x32c32b]
V  [jvm.dll+0x8112bf]
V  [jvm.dll+0x3c0d91]
V  [jvm.dll+0x7fcfe3]
V  [jvm.dll+0x44c76f]
V  [jvm.dll+0x44e0e1]
C  [jli.dll+0x5287]
C  [ucrtbase.dll+0x21bb2]
C  [KERNEL32.DLL+0x17614]
C  [ntdll.dll+0x526a1]


---------------  P R O C E S S  ---------------

Threads class SMR info:
_java_thread_list=0x00007ffce967a098, length=0, elements={
}

Java Threads: ( => current thread )

Other Threads:
  0x000001d21578d810 WorkerThread "GC Thread#0" [stack: 0x0000004d39f00000,0x0000004d3a000000] [id=4980]
  0x000001d215796380 ConcurrentGCThread "G1 Main Marker" [stack: 0x0000004d3a000000,0x0000004d3a100000] [id=11344]
  0x000001d215798560 WorkerThread "G1 Conc#0" [stack: 0x0000004d3a100000,0x0000004d3a200000] [id=13884]

[error occurred during error reporting (printing all threads), id 0xc0000005, EXCEPTION_ACCESS_VIOLATION (0xc0000005) at pc=0x00007ffce8e5eb47]
VM state: not at safepoint (not fully initialized)

VM Mutex/Monitor currently owned by a thread:  ([mutex/lock_event])
[0x000001d215748da0] Heap_lock - owner thread: 0x000001d21574ca00

Heap address: 0x00000000c2a00000, size: 982 MB, Compressed Oops mode: 32-bit

CDS archive(s) mapped at: [0x0000000000000000-0x0000000000000000-0x0000000000000000), size 0, SharedBaseAddress: 0x0000000800000000, ArchiveRelocationMode: 0.
Narrow klass base: 0x0000000000000000, Narrow klass shift: 0, Narrow klass range: 0x0

GC Precious Log:
 CardTable entry size: 512
 Card Set container configuration: InlinePtr #cards 5 size 8 Array Of Cards #cards 12 size 40 Howl #buckets 4 coarsen threshold 1843 Howl Bitmap #cards 512 size 80 coarsen threshold 460 Card regions per heap region 1 cards per card region 2048

Heap:
 garbage-first heap   total 0K, used 0K [0x00000000c2a00000, 0x0000000100000000)
  region size 1024K, 0 young (0K), 0 survivors (0K)

[error occurred during error reporting (printing heap information), id 0xc0000005, EXCEPTION_ACCESS_VIOLATION (0xc0000005) at pc=0x00007ffce9233c59]
GC Heap History (0 events):
No events

Dll operation events (1 events):
Event: 0.025 Loaded shared library C:\Program Files\Java\jdk-20\bin\java.dll

Deoptimization events (0 events):
No events

Classes loaded (0 events):
No events

Classes unloaded (0 events):
No events

Classes redefined (0 events):
No events

Internal exceptions (0 events):
No events

VM Operations (0 events):
No events

Events (0 events):
No events


Dynamic libraries:
0x00007ff7c0f30000 - 0x00007ff7c0f40000 	C:\Program Files\Java\jdk-20\bin\java.exe
0x00007ffd2fdd0000 - 0x00007ffd2ffc8000 	C:\Windows\SYSTEM32\ntdll.dll
0x00007ffd2ee70000 - 0x00007ffd2ef2f000 	C:\Windows\System32\KERNEL32.DLL
0x00007ffd2d780000 - 0x00007ffd2da76000 	C:\Windows\System32\KERNELBASE.dll
0x00007ffd2d5c0000 - 0x00007ffd2d6c0000 	C:\Windows\System32\ucrtbase.dll
0x00007ffcf2f90000 - 0x00007ffcf2fab000 	C:\Program Files\Java\jdk-20\bin\VCRUNTIME140.dll
0x00007ffd28dd0000 - 0x00007ffd28de9000 	C:\Program Files\Java\jdk-20\bin\jli.dll
0x00007ffd2e0f0000 - 0x00007ffd2e19f000 	C:\Windows\System32\ADVAPI32.dll
0x00007ffd2e820000 - 0x00007ffd2e8be000 	C:\Windows\System32\msvcrt.dll
0x00007ffd2e3e0000 - 0x00007ffd2e47c000 	C:\Windows\System32\sechost.dll
0x00007ffd2e280000 - 0x00007ffd2e3a6000 	C:\Windows\System32\RPCRT4.dll
0x00007ffd2e950000 - 0x00007ffd2eaed000 	C:\Windows\System32\USER32.dll
0x00007ffd2dd00000 - 0x00007ffd2dd22000 	C:\Windows\System32\win32u.dll
0x00007ffd1a880000 - 0x00007ffd1ab1a000 	C:\Windows\WinSxS\amd64_microsoft.windows.common-controls_6595b64144ccf1df_6.0.19041.1110_none_60b5254171f9507e\COMCTL32.dll
0x00007ffd2e3b0000 - 0x00007ffd2e3dc000 	C:\Windows\System32\GDI32.dll
0x00007ffd2da80000 - 0x00007ffd2db95000 	C:\Windows\System32\gdi32full.dll
0x00007ffd2d4b0000 - 0x00007ffd2d54d000 	C:\Windows\System32\msvcp_win.dll
0x00007ffd1d770000 - 0x00007ffd1d77a000 	C:\Windows\SYSTEM32\VERSION.dll
0x00007ffd2e7f0000 - 0x00007ffd2e820000 	C:\Windows\System32\IMM32.DLL
0x00007ffcf2f80000 - 0x00007ffcf2f8c000 	C:\Program Files\Java\jdk-20\bin\vcruntime140_1.dll
0x00007ffce97e0000 - 0x00007ffce986e000 	C:\Program Files\Java\jdk-20\bin\msvcp140.dll
0x00007ffce8b20000 - 0x00007ffce97b7000 	C:\Program Files\Java\jdk-20\bin\server\jvm.dll
0x00007ffd1cf50000 - 0x00007ffd1cf77000 	C:\Windows\SYSTEM32\WINMM.dll
0x00007ffd28c20000 - 0x00007ffd28c29000 	C:\Windows\SYSTEM32\WSOCK32.dll
0x00007ffd2ee00000 - 0x00007ffd2ee6b000 	C:\Windows\System32\WS2_32.dll
0x00007ffd2b370000 - 0x00007ffd2b382000 	C:\Windows\SYSTEM32\kernel.appcore.dll
0x00007ffcf2f30000 - 0x00007ffcf2f3a000 	C:\Program Files\Java\jdk-20\bin\jimage.dll
0x00007ffd28630000 - 0x00007ffd28814000 	C:\Windows\SYSTEM32\DBGHELP.DLL
0x00007ffd1ce20000 - 0x00007ffd1ce54000 	C:\Windows\SYSTEM32\dbgcore.DLL
0x00007ffd2d6f0000 - 0x00007ffd2d772000 	C:\Windows\System32\bcryptPrimitives.dll
0x00007ffce9a70000 - 0x00007ffce9a96000 	C:\Program Files\Java\jdk-20\bin\java.dll

dbghelp: loaded successfully - version: 4.0.5 - missing functions: none
symbol engine: initialized successfully - sym options: 0x614 - pdb path: .;C:\Program Files\Java\jdk-20\bin;C:\Windows\SYSTEM32;C:\Windows\WinSxS\amd64_microsoft.windows.common-controls_6595b64144ccf1df_6.0.19041.1110_none_60b5254171f9507e;C:\Program Files\Java\jdk-20\bin\server

VM Arguments:
java_command: exemplo.NovoBatalhaNaval
java_class_path (initial): C:\Users\cemdiego\OneDrive\Documentos\NetBeansProjects\NovoBatalhaNaval\target\classes
Launcher Type: SUN_STANDARD

[Global flags]
     intx CICompilerCount                          = 3                                         {product} {ergonomic}
     uint ConcGCThreads                            = 1                                         {product} {ergonomic}
     uint G1ConcRefinementThreads                  = 4                                         {product} {ergonomic}
   size_t G1HeapRegionSize                         = 1048576                                   {product} {ergonomic}
    uintx GCDrainStackTargetSize                   = 64                                        {product} {ergonomic}
   size_t InitialHeapSize                          = 65011712                                  {product} {ergonomic}
   size_t MarkStackSize                            = 4194304                                   {product} {ergonomic}
   size_t MaxHeapSize                              = 1029701632                                {product} {ergonomic}
   size_t MinHeapDeltaBytes                        = 1048576                                   {product} {ergonomic}
   size_t MinHeapSize                              = 8388608                                   {product} {ergonomic}
    uintx NonNMethodCodeHeapSize                   = 5832780                                {pd product} {ergonomic}
    uintx NonProfiledCodeHeapSize                  = 122912730                              {pd product} {ergonomic}
    uintx ProfiledCodeHeapSize                     = 122912730                              {pd product} {ergonomic}
    uintx ReservedCodeCacheSize                    = 251658240                              {pd product} {ergonomic}
     bool SegmentedCodeCache                       = true                                      {product} {ergonomic}
   size_t SoftMaxHeapSize                          = 1029701632                             {manageable} {ergonomic}
     bool UseCompressedClassPointers               = true                           {product lp64_product} {ergonomic}
     bool UseCompressedOops                        = true                           {product lp64_product} {ergonomic}
     bool UseG1GC                                  = true                                      {product} {ergonomic}
     bool UseLargePagesIndividualAllocation        = false                                  {pd product} {ergonomic}

Logging:
Log output configuration:
 #0: stdout all=warning uptime,level,tags foldmultilines=false
 #1: stderr all=off uptime,level,tags foldmultilines=false

Environment Variables:
JAVA_HOME=C:\Program Files\Java\jdk-20
PATH=C:\Program Files\Eclipse Adoptium\jdk-17.0.7.7-hotspot\bin;C:\Program Files\Common Files\Oracle\Java\javapath;C:\Program Files (x86)\Common Files\Oracle\Java\javapath;C:\Windows\system32;C:\Windows;C:\Windows\System32\Wbem;C:\Windows\System32\WindowsPowerShell\v1.0\;C:\Windows\System32\OpenSSH\;C:\Program Files\nodejs\;C:\Program Files\Git\cmd;C:\Users\cemdiego\Downloads\mongodb-windows-x86_64-6.0.6\mongodb-win32-x86_64-windows-6.0.6\bin;C:\Users\cemdiego\AppData\Local\Programs\Microsoft VS Code\bin;C:\Users\cemdiego\AppData\Roaming\npm;
USERNAME=cemdiego
OS=Windows_NT
PROCESSOR_IDENTIFIER=Intel64 Family 6 Model 76 Stepping 3, GenuineIntel
TMP=C:\Users\cemdiego\AppData\Local\Temp
TEMP=C:\Users\cemdiego\AppData\Local\Temp




---------------  S Y S T E M  ---------------

OS:
 Windows 10 , 64 bit Build 19041 (10.0.19041.2913)
OS uptime: 0 days 18:30 hours

CPU: total 4 (initial active 4) (4 cores per cpu, 1 threads per core) family 6 model 76 stepping 3 microcode 0x368, cx8, cmov, fxsr, mmx, 3dnowpref, sse, sse2, sse3, ssse3, sse4.1, sse4.2, popcnt, tsc, tscinvbit, aes, erms, clmul, clflush, rdtscp

Memory: 4k page, system-wide physical 3923M (517M free)
TotalPageFile size 10183M (AvailPageFile size 20M)
current process WorkingSet (physical memory assigned to process): 10M, peak: 10M
current process commit charge ("private bytes"): 51M, peak: 113M

vm_info: Java HotSpot(TM) 64-Bit Server VM (20.0.1+9-29) for windows-amd64 JRE (20.0.1+9-29), built on 2023-03-07T13:56:11Z by "mach5one" with MS VC++ 17.1 (VS2022)

END.
