#
# There is insufficient memory for the Java Runtime Environment to continue.
# Native memory allocation (malloc) failed to allocate 1048576 bytes for AllocateHeap
# Possible reasons:
#   The system is out of physical RAM or swap space
#   The process is running with CompressedOops enabled, and the Java Heap may be blocking the growth of the native heap
# Possible solutions:
#   Reduce memory load on the system
#   Increase physical memory or swap space
#   Check if swap backing store is full
#   Decrease Java heap size (-Xmx/-Xms)
#   Decrease number of Java threads
#   Decrease Java thread stack sizes (-Xss)
#   Set larger code cache with -XX:ReservedCodeCacheSize=
#   JVM is running with Unscaled Compressed Oops mode in which the Java heap is
#     placed in the first 4GB address space. The Java Heap base address is the
#     maximum limit for the native heap growth. Please use -XX:HeapBaseMinAddress
#     to set the Java Heap base and to place the Java Heap above 4GB virtual address.
# This output file may be truncated or incomplete.
#
#  Out of Memory Error (allocation.cpp:44), pid=6028, tid=11720
#
# JRE version:  (20.0.1+9) (build )
# Java VM: Java HotSpot(TM) 64-Bit Server VM (20.0.1+9-29, mixed mode, sharing, tiered, compressed oops, compressed class ptrs, g1 gc, windows-amd64)
# No core dump will be written. Minidumps are not enabled by default on client versions of Windows
#

---------------  S U M M A R Y ------------

Command Line: exemplo.NovoBatalhaNaval

Host: Intel(R) Pentium(R) CPU  N3700  @ 1.60GHz, 4 cores, 3G,  Windows 10 , 64 bit Build 19041 (10.0.19041.3031)
Time: Thu Jun 29 09:19:18 2023 Hora oficial do Brasil elapsed time: 0.038797 seconds (0d 0h 0m 0s)

---------------  T H R E A D  ---------------

Current thread (0x000001d6e5aa9160):  JavaThread "Unknown thread" [_thread_in_vm, id=11720, stack(0x00000089cdf00000,0x00000089ce000000)]

Stack: [0x00000089cdf00000,0x00000089ce000000]
Native frames: (J=compiled Java code, j=interpreted, Vv=VM code, C=native code)
V  [jvm.dll+0x6bb95a]
V  [jvm.dll+0x8485fa]
V  [jvm.dll+0x84a1f5]
V  [jvm.dll+0x84a8f3]
V  [jvm.dll+0x280b0f]
V  [jvm.dll+0xbcec5]
V  [jvm.dll+0x329165]
V  [jvm.dll+0x81128a]
V  [jvm.dll+0x3c0d91]
V  [jvm.dll+0x7fcfe3]
V  [jvm.dll+0x44c76f]
V  [jvm.dll+0x44e0e1]
C  [jli.dll+0x5287]
C  [ucrtbase.dll+0x21bb2]
C  [KERNEL32.DLL+0x17614]
C  [ntdll.dll+0x526f1]


---------------  P R O C E S S  ---------------

Threads class SMR info:
_java_thread_list=0x00007ff97e3ba098, length=0, elements={
}

Java Threads: ( => current thread )

Other Threads:

=>0x000001d6e5aa9160 (exited) JavaThread "Unknown thread" [_thread_in_vm, id=11720, stack(0x00000089cdf00000,0x00000089ce000000)]

Threads with active compile tasks:

VM state: not at safepoint (not fully initialized)

VM Mutex/Monitor currently owned by a thread: None

Heap address: 0x0000000000000000, size: 0 MB, Compressed Oops mode: 32-bit

CDS archive(s) mapped at: [0x0000000000000000-0x0000000000000000-0x0000000000000000), size 0, SharedBaseAddress: 0x0000000800000000, ArchiveRelocationMode: 0.
Narrow klass base: 0x0000000000000000, Narrow klass shift: 0, Narrow klass range: 0x0

GC Precious Log:
 CardTable entry size: 512
 Card Set container configuration: InlinePtr #cards 5 size 8 Array Of Cards #cards 12 size 40 Howl #buckets 4 coarsen threshold 1843 Howl Bitmap #cards 512 size 80 coarsen threshold 460 Card regions per heap region 1 cards per card region 2048

GC Heap History (0 events):
No events

Dll operation events (1 events):
Event: 0.024 Loaded shared library C:\Program Files\Java\jdk-20\bin\java.dll

Deoptimization events (0 events):
No events

Classes loaded (0 events):
No events

Classes unloaded (0 events):
No events

Classes redefined (0 events):
No events

Internal exceptions (0 events):
No events

VM Operations (0 events):
No events

Events (0 events):
No events


Dynamic libraries:
0x00007ff63ce50000 - 0x00007ff63ce60000 	C:\Program Files\Java\jdk-20\bin\java.exe
0x00007ff9cee10000 - 0x00007ff9cf008000 	C:\Windows\SYSTEM32\ntdll.dll
0x00007ff9cd8c0000 - 0x00007ff9cd97f000 	C:\Windows\System32\KERNEL32.DLL
0x00007ff9cc600000 - 0x00007ff9cc8f6000 	C:\Windows\System32\KERNELBASE.dll
0x00007ff9ccd20000 - 0x00007ff9cce20000 	C:\Windows\System32\ucrtbase.dll
0x00007ff9b0fc0000 - 0x00007ff9b0fd9000 	C:\Program Files\Java\jdk-20\bin\jli.dll
0x00007ff9babb0000 - 0x00007ff9babcb000 	C:\Program Files\Java\jdk-20\bin\VCRUNTIME140.dll
0x00007ff9cd2d0000 - 0x00007ff9cd37f000 	C:\Windows\System32\ADVAPI32.dll
0x00007ff9cd170000 - 0x00007ff9cd20e000 	C:\Windows\System32\msvcrt.dll
0x00007ff9cda70000 - 0x00007ff9cdb0c000 	C:\Windows\System32\sechost.dll
0x00007ff9ccf90000 - 0x00007ff9cd0b6000 	C:\Windows\System32\RPCRT4.dll
0x00007ff9cdc00000 - 0x00007ff9cdd9d000 	C:\Windows\System32\USER32.dll
0x00007ff9cc990000 - 0x00007ff9cc9b2000 	C:\Windows\System32\win32u.dll
0x00007ff9cd380000 - 0x00007ff9cd3ac000 	C:\Windows\System32\GDI32.dll
0x00007ff9b9580000 - 0x00007ff9b981a000 	C:\Windows\WinSxS\amd64_microsoft.windows.common-controls_6595b64144ccf1df_6.0.19041.1110_none_60b5254171f9507e\COMCTL32.dll
0x00007ff9cc9c0000 - 0x00007ff9ccad5000 	C:\Windows\System32\gdi32full.dll
0x00007ff9cc4f0000 - 0x00007ff9cc58d000 	C:\Windows\System32\msvcp_win.dll
0x00007ff9bc790000 - 0x00007ff9bc79a000 	C:\Windows\SYSTEM32\VERSION.dll
0x00007ff9ceda0000 - 0x00007ff9cedd0000 	C:\Windows\System32\IMM32.DLL
0x00007ff9c7ad0000 - 0x00007ff9c7adc000 	C:\Program Files\Java\jdk-20\bin\vcruntime140_1.dll
0x00007ff99de70000 - 0x00007ff99defe000 	C:\Program Files\Java\jdk-20\bin\msvcp140.dll
0x00007ff97d860000 - 0x00007ff97e4f7000 	C:\Program Files\Java\jdk-20\bin\server\jvm.dll
0x00007ff9c9dd0000 - 0x00007ff9c9dd9000 	C:\Windows\SYSTEM32\WSOCK32.dll
0x00007ff9bbe30000 - 0x00007ff9bbe57000 	C:\Windows\SYSTEM32\WINMM.dll
0x00007ff9cdb90000 - 0x00007ff9cdbfb000 	C:\Windows\System32\WS2_32.dll
0x00007ff9ca3a0000 - 0x00007ff9ca3b2000 	C:\Windows\SYSTEM32\kernel.appcore.dll
0x00007ff9c37e0000 - 0x00007ff9c37ea000 	C:\Program Files\Java\jdk-20\bin\jimage.dll
0x00007ff9c7d80000 - 0x00007ff9c7f64000 	C:\Windows\SYSTEM32\DBGHELP.DLL
0x00007ff9bba40000 - 0x00007ff9bba74000 	C:\Windows\SYSTEM32\dbgcore.DLL
0x00007ff9cc900000 - 0x00007ff9cc982000 	C:\Windows\System32\bcryptPrimitives.dll
0x00007ff9b2b70000 - 0x00007ff9b2b96000 	C:\Program Files\Java\jdk-20\bin\java.dll

dbghelp: loaded successfully - version: 4.0.5 - missing functions: none
symbol engine: initialized successfully - sym options: 0x614 - pdb path: .;C:\Program Files\Java\jdk-20\bin;C:\Windows\SYSTEM32;C:\Windows\WinSxS\amd64_microsoft.windows.common-controls_6595b64144ccf1df_6.0.19041.1110_none_60b5254171f9507e;C:\Program Files\Java\jdk-20\bin\server

VM Arguments:
java_command: exemplo.NovoBatalhaNaval
java_class_path (initial): C:\Users\cemdiego\Downloads\NovoBatalhaNaval\target\classes
Launcher Type: SUN_STANDARD

[Global flags]
     intx CICompilerCount                          = 3                                         {product} {ergonomic}
     uint ConcGCThreads                            = 1                                         {product} {ergonomic}
     uint G1ConcRefinementThreads                  = 4                                         {product} {ergonomic}
   size_t G1HeapRegionSize                         = 1048576                                   {product} {ergonomic}
    uintx GCDrainStackTargetSize                   = 64                                        {product} {ergonomic}
   size_t InitialHeapSize                          = 65011712                                  {product} {ergonomic}
   size_t MarkStackSize                            = 4194304                                   {product} {ergonomic}
   size_t MaxHeapSize                              = 1029701632                                {product} {ergonomic}
   size_t MinHeapDeltaBytes                        = 1048576                                   {product} {ergonomic}
   size_t MinHeapSize                              = 8388608                                   {product} {ergonomic}
    uintx NonNMethodCodeHeapSize                   = 5832780                                {pd product} {ergonomic}
    uintx NonProfiledCodeHeapSize                  = 122912730                              {pd product} {ergonomic}
    uintx ProfiledCodeHeapSize                     = 122912730                              {pd product} {ergonomic}
    uintx ReservedCodeCacheSize                    = 251658240                              {pd product} {ergonomic}
     bool SegmentedCodeCache                       = true                                      {product} {ergonomic}
   size_t SoftMaxHeapSize                          = 1029701632                             {manageable} {ergonomic}
     bool UseCompressedClassPointers               = true                           {product lp64_product} {ergonomic}
     bool UseCompressedOops                        = true                           {product lp64_product} {ergonomic}
     bool UseG1GC                                  = true                                      {product} {ergonomic}
     bool UseLargePagesIndividualAllocation        = false                                  {pd product} {ergonomic}

Logging:
Log output configuration:
 #0: stdout all=warning uptime,level,tags foldmultilines=false
 #1: stderr all=off uptime,level,tags foldmultilines=false

Environment Variables:
JAVA_HOME=C:\Program Files\Java\jdk-20
PATH=C:\Program Files\OpenSSL-Win64\bin:,C:\Program Files\Eclipse Adoptium\jdk-17.0.7.7-hotspot\bin;C:\Program Files\Common Files\Oracle\Java\javapath;C:\Program Files (x86)\Common Files\Oracle\Java\javapath;C:\Windows\system32;C:\Windows;C:\Windows\System32\Wbem;C:\Windows\System32\WindowsPowerShell\v1.0\;C:\Windows\System32\OpenSSH\;C:\Program Files\Git\cmd;C:\Program Files\nodejs\;C:\Users\cemdiego\Downloads\mongodb-windows-x86_64-6.0.6\mongodb-win32-x86_64-windows-6.0.6\bin;C:\Users\cemdiego\AppData\Local\Programs\Microsoft VS Code\bin;C:\Users\cemdiego\AppData\Roaming\npm
USERNAME=cemdiego
OS=Windows_NT
PROCESSOR_IDENTIFIER=Intel64 Family 6 Model 76 Stepping 3, GenuineIntel
TMP=C:\Users\cemdiego\AppData\Local\Temp
TEMP=C:\Users\cemdiego\AppData\Local\Temp




---------------  S Y S T E M  ---------------

OS:
 Windows 10 , 64 bit Build 19041 (10.0.19041.3031)
OS uptime: 3 days 13:21 hours

CPU: total 4 (initial active 4) (4 cores per cpu, 1 threads per core) family 6 model 76 stepping 3 microcode 0x368, cx8, cmov, fxsr, mmx, 3dnowpref, sse, sse2, sse3, ssse3, sse4.1, sse4.2, popcnt, tsc, tscinvbit, aes, erms, clmul, clflush, rdtscp

Memory: 4k page, system-wide physical 3923M (321M free)
TotalPageFile size 11160M (AvailPageFile size 5M)
current process WorkingSet (physical memory assigned to process): 9M, peak: 9M
current process commit charge ("private bytes"): 12M, peak: 13M

vm_info: Java HotSpot(TM) 64-Bit Server VM (20.0.1+9-29) for windows-amd64 JRE (20.0.1+9-29), built on 2023-03-07T13:56:11Z by "mach5one" with MS VC++ 17.1 (VS2022)

END.
