#
# There is insufficient memory for the Java Runtime Environment to continue.
# Native memory allocation (malloc) failed to allocate 32784 bytes for Chunk::new
# Possible reasons:
#   The system is out of physical RAM or swap space
#   The process is running with CompressedOops enabled, and the Java Heap may be blocking the growth of the native heap
# Possible solutions:
#   Reduce memory load on the system
#   Increase physical memory or swap space
#   Check if swap backing store is full
#   Decrease Java heap size (-Xmx/-Xms)
#   Decrease number of Java threads
#   Decrease Java thread stack sizes (-Xss)
#   Set larger code cache with -XX:ReservedCodeCacheSize=
#   JVM is running with Unscaled Compressed Oops mode in which the Java heap is
#     placed in the first 4GB address space. The Java Heap base address is the
#     maximum limit for the native heap growth. Please use -XX:HeapBaseMinAddress
#     to set the Java Heap base and to place the Java Heap above 4GB virtual address.
# This output file may be truncated or incomplete.
#
#  Out of Memory Error (arena.cpp:184), pid=14968, tid=16172
#
# JRE version: Java(TM) SE Runtime Environment (20.0.1+9) (build 20.0.1+9-29)
# Java VM: Java HotSpot(TM) 64-Bit Server VM (20.0.1+9-29, mixed mode, sharing, tiered, compressed oops, compressed class ptrs, g1 gc, windows-amd64)
# No core dump will be written. Minidumps are not enabled by default on client versions of Windows
#

---------------  S U M M A R Y ------------

Command Line: -Dclassworlds.conf=C:\Program Files\NetBeans-15\netbeans\java\maven\bin\m2.conf -Dmaven.home=C:\Program Files\NetBeans-15\netbeans\java\maven -Dlibrary.jansi.path=C:\Program Files\NetBeans-15\netbeans\java\maven\lib\jansi-native -Dmaven.multiModuleProjectDirectory=C:\Users\cemdiego\OneDrive\Documentos\NetBeansProjects\NovoBatalhaNaval org.codehaus.plexus.classworlds.launcher.Launcher -Dexec.vmArgs= -Dexec.args=${exec.vmArgs} -classpath %classpath ${exec.mainClass} ${exec.appArgs} -Dexec.executable=C:\Program Files\Java\jdk-20\bin\java.exe -Dexec.mainClass=exemplo.NovoBatalhaNaval -Dexec.classpathScope=runtime -Dexec.appArgs= -Dmaven.ext.class.path=C:\Program Files\NetBeans-15\netbeans\java\maven-nblib\netbeans-eventspy.jar org.codehaus.mojo:exec-maven-plugin:3.0.0:exec

Host: Intel(R) Pentium(R) CPU  N3700  @ 1.60GHz, 4 cores, 3G,  Windows 10 , 64 bit Build 19041 (10.0.19041.2913)
Time: Thu Jun  1 10:30:11 2023 Hora oficial do Brasil elapsed time: 3.216154 seconds (0d 0h 0m 3s)

---------------  T H R E A D  ---------------

Current thread (0x000001573ceeb0b0):  JavaThread "C2 CompilerThread1" daemon [_thread_in_native, id=16172, stack(0x0000003edac00000,0x0000003edad00000)]


Current CompileTask:
C2:   3216  999       4       sun.nio.cs.StreamDecoder::lockedRead (189 bytes)

Stack: [0x0000003edac00000,0x0000003edad00000]
Native frames: (J=compiled Java code, j=interpreted, Vv=VM code, C=native code)
V  [jvm.dll+0x6bb95a]
V  [jvm.dll+0x8485fa]
V  [jvm.dll+0x84a1f5]
V  [jvm.dll+0x84a8f3]
V  [jvm.dll+0x280b0f]
V  [jvm.dll+0xc2b11]
V  [jvm.dll+0xc2e35]
V  [jvm.dll+0xc2c34]
V  [jvm.dll+0x69a99a]
V  [jvm.dll+0x64d3aa]
V  [jvm.dll+0x64b2b0]
V  [jvm.dll+0x24b0de]
V  [jvm.dll+0x24a651]
V  [jvm.dll+0x1ce491]
V  [jvm.dll+0x259e1b]
V  [jvm.dll+0x2584f0]
V  [jvm.dll+0x3f2895]
V  [jvm.dll+0x7f4b56]
V  [jvm.dll+0x6ba5cb]
C  [ucrtbase.dll+0x21bb2]
C  [KERNEL32.DLL+0x17614]
C  [ntdll.dll+0x526a1]


---------------  P R O C E S S  ---------------

Threads class SMR info:
_java_thread_list=0x000001573cefe2b0, length=12, elements={
0x000001571b8015a0, 0x000001573818e360, 0x000001573818ed70, 0x000001573818fb90,
0x00000157381912f0, 0x0000015738193850, 0x0000015738193da0, 0x0000015738199640,
0x000001573819dbf0, 0x000001573c47ed70, 0x000001573c48ee80, 0x000001573ceeb0b0
}

Java Threads: ( => current thread )
  0x000001571b8015a0 JavaThread "main" [_thread_in_Java, id=9392, stack(0x0000003ed9700000,0x0000003ed9800000)]
  0x000001573818e360 JavaThread "Reference Handler" daemon [_thread_blocked, id=14252, stack(0x0000003ed9e00000,0x0000003ed9f00000)]
  0x000001573818ed70 JavaThread "Finalizer" daemon [_thread_blocked, id=11788, stack(0x0000003ed9f00000,0x0000003eda000000)]
  0x000001573818fb90 JavaThread "Signal Dispatcher" daemon [_thread_blocked, id=13824, stack(0x0000003eda000000,0x0000003eda100000)]
  0x00000157381912f0 JavaThread "Attach Listener" daemon [_thread_blocked, id=8284, stack(0x0000003eda100000,0x0000003eda200000)]
  0x0000015738193850 JavaThread "Service Thread" daemon [_thread_blocked, id=12444, stack(0x0000003eda200000,0x0000003eda300000)]
  0x0000015738193da0 JavaThread "Monitor Deflation Thread" daemon [_thread_blocked, id=14000, stack(0x0000003eda300000,0x0000003eda400000)]
  0x0000015738199640 JavaThread "C2 CompilerThread0" daemon [_thread_in_native, id=15196, stack(0x0000003eda400000,0x0000003eda500000)]
  0x000001573819dbf0 JavaThread "C1 CompilerThread0" daemon [_thread_blocked, id=15300, stack(0x0000003eda500000,0x0000003eda600000)]
  0x000001573c47ed70 JavaThread "Notification Thread" daemon [_thread_blocked, id=6304, stack(0x0000003eda600000,0x0000003eda700000)]
  0x000001573c48ee80 JavaThread "Common-Cleaner" daemon [_thread_blocked, id=13528, stack(0x0000003eda800000,0x0000003eda900000)]
=>0x000001573ceeb0b0 JavaThread "C2 CompilerThread1" daemon [_thread_in_native, id=16172, stack(0x0000003edac00000,0x0000003edad00000)]

Other Threads:
  0x000001571b8c0250 VMThread "VM Thread" [stack: 0x0000003ed9d00000,0x0000003ed9e00000] [id=14796]
  0x000001573c486720 WatcherThread "VM Periodic Task Thread" [stack: 0x0000003eda700000,0x0000003eda800000] [id=13424]
  0x000001571b841040 WorkerThread "GC Thread#0" [stack: 0x0000003ed9800000,0x0000003ed9900000] [id=5240]
  0x000001573ce01bd0 WorkerThread "GC Thread#1" [stack: 0x0000003eda900000,0x0000003edaa00000] [id=10804]
  0x000001573cec58d0 WorkerThread "GC Thread#2" [stack: 0x0000003edaa00000,0x0000003edab00000] [id=8244]
  0x000001573cec5ba0 WorkerThread "GC Thread#3" [stack: 0x0000003edab00000,0x0000003edac00000] [id=10768]
  0x000001571b84bae0 ConcurrentGCThread "G1 Main Marker" [stack: 0x0000003ed9900000,0x0000003ed9a00000] [id=7396]
  0x000001571b84cbc0 WorkerThread "G1 Conc#0" [stack: 0x0000003ed9a00000,0x0000003ed9b00000] [id=11320]
  0x000001571b8a0370 ConcurrentGCThread "G1 Refine#0" [stack: 0x0000003ed9b00000,0x0000003ed9c00000] [id=14996]
  0x000001571b8a2940 ConcurrentGCThread "G1 Service" [stack: 0x0000003ed9c00000,0x0000003ed9d00000] [id=14012]

Threads with active compile tasks:
C2 CompilerThread0     3352  998   !   4       sun.nio.cs.StreamDecoder::read (78 bytes)
C2 CompilerThread1     3352  999       4       sun.nio.cs.StreamDecoder::lockedRead (189 bytes)

VM state: not at safepoint (normal execution)

VM Mutex/Monitor currently owned by a thread: None

Heap address: 0x00000000c2a00000, size: 982 MB, Compressed Oops mode: 32-bit

CDS archive(s) mapped at: [0x0000000800000000-0x0000000800c60000-0x0000000800c60000), size 12976128, SharedBaseAddress: 0x0000000800000000, ArchiveRelocationMode: 0.
Compressed class space mapped at: 0x0000000801000000-0x0000000841000000, reserved size: 1073741824
Narrow klass base: 0x0000000800000000, Narrow klass shift: 0, Narrow klass range: 0x100000000

GC Precious Log:
 CardTable entry size: 512
 Card Set container configuration: InlinePtr #cards 5 size 8 Array Of Cards #cards 12 size 40 Howl #buckets 4 coarsen threshold 1843 Howl Bitmap #cards 512 size 80 coarsen threshold 460 Card regions per heap region 1 cards per card region 2048
 CPUs: 4 total, 4 available
 Memory: 3923M
 Large Page Support: Disabled
 NUMA Support: Disabled
 Compressed Oops: Enabled (32-bit)
 Heap Region Size: 1M
 Heap Min Capacity: 8M
 Heap Initial Capacity: 62M
 Heap Max Capacity: 982M
 Pre-touch: Disabled
 Parallel Workers: 4
 Concurrent Workers: 1
 Concurrent Refinement Workers: 4
 Periodic GC: Disabled

Heap:
 garbage-first heap   total 63488K, used 11392K [0x00000000c2a00000, 0x0000000100000000)
  region size 1024K, 11 young (11264K), 2 survivors (2048K)
 Metaspace       used 4903K, committed 5056K, reserved 1114112K
  class space    used 555K, committed 640K, reserved 1048576K

Heap Regions: E=young(eden), S=young(survivor), O=old, HS=humongous(starts), HC=humongous(continues), CS=collection set, F=free, OA=open archive, CA=closed archive, TAMS=top-at-mark-start, PB=parsable bottom
|   0|0x00000000c2a00000, 0x00000000c2b00000, 0x00000000c2b00000|100%| O|  |TAMS 0x00000000c2a00000| PB 0x00000000c2a00000| Untracked 
|   1|0x00000000c2b00000, 0x00000000c2b20000, 0x00000000c2c00000| 12%| O|  |TAMS 0x00000000c2b00000| PB 0x00000000c2b00000| Untracked 
|   2|0x00000000c2c00000, 0x00000000c2c00000, 0x00000000c2d00000|  0%| F|  |TAMS 0x00000000c2c00000| PB 0x00000000c2c00000| Untracked 
|   3|0x00000000c2d00000, 0x00000000c2d00000, 0x00000000c2e00000|  0%| F|  |TAMS 0x00000000c2d00000| PB 0x00000000c2d00000| Untracked 
|   4|0x00000000c2e00000, 0x00000000c2e00000, 0x00000000c2f00000|  0%| F|  |TAMS 0x00000000c2e00000| PB 0x00000000c2e00000| Untracked 
|   5|0x00000000c2f00000, 0x00000000c2f00000, 0x00000000c3000000|  0%| F|  |TAMS 0x00000000c2f00000| PB 0x00000000c2f00000| Untracked 
|   6|0x00000000c3000000, 0x00000000c3000000, 0x00000000c3100000|  0%| F|  |TAMS 0x00000000c3000000| PB 0x00000000c3000000| Untracked 
|   7|0x00000000c3100000, 0x00000000c3100000, 0x00000000c3200000|  0%| F|  |TAMS 0x00000000c3100000| PB 0x00000000c3100000| Untracked 
|   8|0x00000000c3200000, 0x00000000c3200000, 0x00000000c3300000|  0%| F|  |TAMS 0x00000000c3200000| PB 0x00000000c3200000| Untracked 
|   9|0x00000000c3300000, 0x00000000c3300000, 0x00000000c3400000|  0%| F|  |TAMS 0x00000000c3300000| PB 0x00000000c3300000| Untracked 
|  10|0x00000000c3400000, 0x00000000c3400000, 0x00000000c3500000|  0%| F|  |TAMS 0x00000000c3400000| PB 0x00000000c3400000| Untracked 
|  11|0x00000000c3500000, 0x00000000c3500000, 0x00000000c3600000|  0%| F|  |TAMS 0x00000000c3500000| PB 0x00000000c3500000| Untracked 
|  12|0x00000000c3600000, 0x00000000c3600000, 0x00000000c3700000|  0%| F|  |TAMS 0x00000000c3600000| PB 0x00000000c3600000| Untracked 
|  13|0x00000000c3700000, 0x00000000c3700000, 0x00000000c3800000|  0%| F|  |TAMS 0x00000000c3700000| PB 0x00000000c3700000| Untracked 
|  14|0x00000000c3800000, 0x00000000c3800000, 0x00000000c3900000|  0%| F|  |TAMS 0x00000000c3800000| PB 0x00000000c3800000| Untracked 
|  15|0x00000000c3900000, 0x00000000c3900000, 0x00000000c3a00000|  0%| F|  |TAMS 0x00000000c3900000| PB 0x00000000c3900000| Untracked 
|  16|0x00000000c3a00000, 0x00000000c3a00000, 0x00000000c3b00000|  0%| F|  |TAMS 0x00000000c3a00000| PB 0x00000000c3a00000| Untracked 
|  17|0x00000000c3b00000, 0x00000000c3b00000, 0x00000000c3c00000|  0%| F|  |TAMS 0x00000000c3b00000| PB 0x00000000c3b00000| Untracked 
|  18|0x00000000c3c00000, 0x00000000c3c00000, 0x00000000c3d00000|  0%| F|  |TAMS 0x00000000c3c00000| PB 0x00000000c3c00000| Untracked 
|  19|0x00000000c3d00000, 0x00000000c3d00000, 0x00000000c3e00000|  0%| F|  |TAMS 0x00000000c3d00000| PB 0x00000000c3d00000| Untracked 
|  20|0x00000000c3e00000, 0x00000000c3e00000, 0x00000000c3f00000|  0%| F|  |TAMS 0x00000000c3e00000| PB 0x00000000c3e00000| Untracked 
|  21|0x00000000c3f00000, 0x00000000c3f00000, 0x00000000c4000000|  0%| F|  |TAMS 0x00000000c3f00000| PB 0x00000000c3f00000| Untracked 
|  22|0x00000000c4000000, 0x00000000c4000000, 0x00000000c4100000|  0%| F|  |TAMS 0x00000000c4000000| PB 0x00000000c4000000| Untracked 
|  23|0x00000000c4100000, 0x00000000c4100000, 0x00000000c4200000|  0%| F|  |TAMS 0x00000000c4100000| PB 0x00000000c4100000| Untracked 
|  24|0x00000000c4200000, 0x00000000c4200000, 0x00000000c4300000|  0%| F|  |TAMS 0x00000000c4200000| PB 0x00000000c4200000| Untracked 
|  25|0x00000000c4300000, 0x00000000c4300000, 0x00000000c4400000|  0%| F|  |TAMS 0x00000000c4300000| PB 0x00000000c4300000| Untracked 
|  26|0x00000000c4400000, 0x00000000c4400000, 0x00000000c4500000|  0%| F|  |TAMS 0x00000000c4400000| PB 0x00000000c4400000| Untracked 
|  27|0x00000000c4500000, 0x00000000c4500000, 0x00000000c4600000|  0%| F|  |TAMS 0x00000000c4500000| PB 0x00000000c4500000| Untracked 
|  28|0x00000000c4600000, 0x00000000c4600000, 0x00000000c4700000|  0%| F|  |TAMS 0x00000000c4600000| PB 0x00000000c4600000| Untracked 
|  29|0x00000000c4700000, 0x00000000c4700000, 0x00000000c4800000|  0%| F|  |TAMS 0x00000000c4700000| PB 0x00000000c4700000| Untracked 
|  30|0x00000000c4800000, 0x00000000c4800000, 0x00000000c4900000|  0%| F|  |TAMS 0x00000000c4800000| PB 0x00000000c4800000| Untracked 
|  31|0x00000000c4900000, 0x00000000c4900000, 0x00000000c4a00000|  0%| F|  |TAMS 0x00000000c4900000| PB 0x00000000c4900000| Untracked 
|  32|0x00000000c4a00000, 0x00000000c4a00000, 0x00000000c4b00000|  0%| F|  |TAMS 0x00000000c4a00000| PB 0x00000000c4a00000| Untracked 
|  33|0x00000000c4b00000, 0x00000000c4b00000, 0x00000000c4c00000|  0%| F|  |TAMS 0x00000000c4b00000| PB 0x00000000c4b00000| Untracked 
|  34|0x00000000c4c00000, 0x00000000c4c00000, 0x00000000c4d00000|  0%| F|  |TAMS 0x00000000c4c00000| PB 0x00000000c4c00000| Untracked 
|  35|0x00000000c4d00000, 0x00000000c4d00000, 0x00000000c4e00000|  0%| F|  |TAMS 0x00000000c4d00000| PB 0x00000000c4d00000| Untracked 
|  36|0x00000000c4e00000, 0x00000000c4e00000, 0x00000000c4f00000|  0%| F|  |TAMS 0x00000000c4e00000| PB 0x00000000c4e00000| Untracked 
|  37|0x00000000c4f00000, 0x00000000c4f00000, 0x00000000c5000000|  0%| F|  |TAMS 0x00000000c4f00000| PB 0x00000000c4f00000| Untracked 
|  38|0x00000000c5000000, 0x00000000c5000000, 0x00000000c5100000|  0%| F|  |TAMS 0x00000000c5000000| PB 0x00000000c5000000| Untracked 
|  39|0x00000000c5100000, 0x00000000c5100000, 0x00000000c5200000|  0%| F|  |TAMS 0x00000000c5100000| PB 0x00000000c5100000| Untracked 
|  40|0x00000000c5200000, 0x00000000c5200000, 0x00000000c5300000|  0%| F|  |TAMS 0x00000000c5200000| PB 0x00000000c5200000| Untracked 
|  41|0x00000000c5300000, 0x00000000c5300000, 0x00000000c5400000|  0%| F|  |TAMS 0x00000000c5300000| PB 0x00000000c5300000| Untracked 
|  42|0x00000000c5400000, 0x00000000c5400000, 0x00000000c5500000|  0%| F|  |TAMS 0x00000000c5400000| PB 0x00000000c5400000| Untracked 
|  43|0x00000000c5500000, 0x00000000c5500000, 0x00000000c5600000|  0%| F|  |TAMS 0x00000000c5500000| PB 0x00000000c5500000| Untracked 
|  44|0x00000000c5600000, 0x00000000c5600000, 0x00000000c5700000|  0%| F|  |TAMS 0x00000000c5600000| PB 0x00000000c5600000| Untracked 
|  45|0x00000000c5700000, 0x00000000c5700000, 0x00000000c5800000|  0%| F|  |TAMS 0x00000000c5700000| PB 0x00000000c5700000| Untracked 
|  46|0x00000000c5800000, 0x00000000c5800000, 0x00000000c5900000|  0%| F|  |TAMS 0x00000000c5800000| PB 0x00000000c5800000| Untracked 
|  47|0x00000000c5900000, 0x00000000c5a00000, 0x00000000c5a00000|100%| S|CS|TAMS 0x00000000c5900000| PB 0x00000000c5900000| Complete 
|  48|0x00000000c5a00000, 0x00000000c5b00000, 0x00000000c5b00000|100%| S|CS|TAMS 0x00000000c5a00000| PB 0x00000000c5a00000| Complete 
|  49|0x00000000c5b00000, 0x00000000c5b00000, 0x00000000c5c00000|  0%| F|  |TAMS 0x00000000c5b00000| PB 0x00000000c5b00000| Untracked 
|  50|0x00000000c5c00000, 0x00000000c5c00000, 0x00000000c5d00000|  0%| F|  |TAMS 0x00000000c5c00000| PB 0x00000000c5c00000| Untracked 
|  51|0x00000000c5d00000, 0x00000000c5d00000, 0x00000000c5e00000|  0%| F|  |TAMS 0x00000000c5d00000| PB 0x00000000c5d00000| Untracked 
|  52|0x00000000c5e00000, 0x00000000c5e00000, 0x00000000c5f00000|  0%| F|  |TAMS 0x00000000c5e00000| PB 0x00000000c5e00000| Untracked 
|  53|0x00000000c5f00000, 0x00000000c5f382b8, 0x00000000c6000000| 21%| E|  |TAMS 0x00000000c5f00000| PB 0x00000000c5f00000| Complete 
|  54|0x00000000c6000000, 0x00000000c6100000, 0x00000000c6100000|100%| E|CS|TAMS 0x00000000c6000000| PB 0x00000000c6000000| Complete 
|  55|0x00000000c6100000, 0x00000000c6200000, 0x00000000c6200000|100%| E|CS|TAMS 0x00000000c6100000| PB 0x00000000c6100000| Complete 
|  56|0x00000000c6200000, 0x00000000c6300000, 0x00000000c6300000|100%| E|CS|TAMS 0x00000000c6200000| PB 0x00000000c6200000| Complete 
|  57|0x00000000c6300000, 0x00000000c6400000, 0x00000000c6400000|100%| E|CS|TAMS 0x00000000c6300000| PB 0x00000000c6300000| Complete 
|  58|0x00000000c6400000, 0x00000000c6500000, 0x00000000c6500000|100%| E|CS|TAMS 0x00000000c6400000| PB 0x00000000c6400000| Complete 
|  59|0x00000000c6500000, 0x00000000c6600000, 0x00000000c6600000|100%| E|CS|TAMS 0x00000000c6500000| PB 0x00000000c6500000| Complete 
|  60|0x00000000c6600000, 0x00000000c6700000, 0x00000000c6700000|100%| E|CS|TAMS 0x00000000c6600000| PB 0x00000000c6600000| Complete 
|  61|0x00000000c6700000, 0x00000000c6800000, 0x00000000c6800000|100%| E|CS|TAMS 0x00000000c6700000| PB 0x00000000c6700000| Complete 

Card table byte_map: [0x00000157348b0000,0x0000015734aa0000] _byte_map_base: 0x000001573429b000

Marking Bits: (CMBitMap*) 0x000001571b842590
 Bits: [0x0000015734c90000, 0x0000015735be8000)

Polling page: 0x000001571b8d0000

Metaspace:

Usage:
  Non-class:      4.26 MB used.
      Class:    556.87 KB used.
       Both:      4.81 MB used.

Virtual space:
  Non-class space:       64.00 MB reserved,       4.31 MB (  7%) committed,  1 nodes.
      Class space:        1.00 GB reserved,     640.00 KB ( <1%) committed,  1 nodes.
             Both:        1.06 GB reserved,       4.94 MB ( <1%) committed. 

Chunk freelists:
   Non-Class:  1.38 MB
       Class:  3.33 MB
        Both:  4.70 MB

MaxMetaspaceSize: unlimited
CompressedClassSpaceSize: 1.00 GB
Initial GC threshold: 21.00 MB
Current GC threshold: 21.00 MB
CDS: on
MetaspaceReclaimPolicy: balanced
 - commit_granule_bytes: 65536.
 - commit_granule_words: 8192.
 - virtual_space_node_default_size: 8388608.
 - enlarge_chunks_in_place: 1.
 - new_chunks_are_fully_committed: 0.
 - uncommit_free_chunks: 1.
 - use_allocation_guard: 0.


Internal statistics:

num_allocs_failed_limit: 0.
num_arena_births: 34.
num_arena_deaths: 0.
num_vsnodes_births: 2.
num_vsnodes_deaths: 0.
num_space_committed: 79.
num_space_uncommitted: 0.
num_chunks_returned_to_freelist: 0.
num_chunks_taken_from_freelist: 165.
num_chunk_merges: 0.
num_chunk_splits: 118.
num_chunks_enlarged: 102.
num_inconsistent_stats: 0.

CodeHeap 'non-profiled nmethods': size=120000Kb used=273Kb max_used=273Kb free=119726Kb
 bounds [0x000001572cb70000, 0x000001572cde0000, 0x00000157340a0000]
CodeHeap 'profiled nmethods': size=120000Kb used=2045Kb max_used=2045Kb free=117955Kb
 bounds [0x00000157250a0000, 0x0000015725310000, 0x000001572c5d0000]
CodeHeap 'non-nmethods': size=5760Kb used=1401Kb max_used=1415Kb free=4358Kb
 bounds [0x000001572c5d0000, 0x000001572c840000, 0x000001572cb70000]
 total_blobs=1470 nmethods=1024 adapters=358
 compilation: enabled
              stopped_count=0, restarted_count=0
 full_count=0

Compilation events (20 events):
Event: 3.082 Thread 0x000001573819dbf0 nmethod 1012 0x0000015725291390 code [0x0000015725291560, 0x00000157252918b8]
Event: 3.088 Thread 0x000001573819dbf0 1013       3       org.codehaus.plexus.util.xml.pull.MXParser::newString (11 bytes)
Event: 3.088 Thread 0x000001573819dbf0 nmethod 1013 0x0000015725291a90 code [0x0000015725291c20, 0x0000015725291dc0]
Event: 3.101 Thread 0x000001573819dbf0 1014       1       org.codehaus.plexus.util.xml.pull.MXParser::getEventType (5 bytes)
Event: 3.101 Thread 0x000001573819dbf0 nmethod 1014 0x000001572cbb4110 code [0x000001572cbb4280, 0x000001572cbb4348]
Event: 3.102 Thread 0x000001573819dbf0 1016       3       org.codehaus.plexus.util.xml.pull.MXParser::getName (84 bytes)
Event: 3.103 Thread 0x000001573819dbf0 nmethod 1016 0x0000015725291e90 code [0x0000015725292060, 0x0000015725292410]
Event: 3.123 Thread 0x000001573819dbf0 1021       3       org.codehaus.plexus.util.xml.pull.MXParser::ensureElementsCapacity (265 bytes)
Event: 3.125 Thread 0x000001573819dbf0 nmethod 1021 0x0000015725292590 code [0x00000157252927e0, 0x0000015725293888]
Event: 3.132 Thread 0x000001573819dbf0 1022       3       org.codehaus.plexus.util.xml.pull.MXParser::isWhitespace (116 bytes)
Event: 3.134 Thread 0x000001573819dbf0 nmethod 1022 0x0000015725293b90 code [0x0000015725293da0, 0x0000015725294650]
Event: 3.140 Thread 0x000001573819dbf0 1023       3       java.util.HashMap::isEmpty (13 bytes)
Event: 3.140 Thread 0x000001573819dbf0 nmethod 1023 0x0000015725294890 code [0x0000015725294a20, 0x0000015725294b90]
Event: 3.140 Thread 0x000001573819dbf0 1024       3       org.codehaus.plexus.util.xml.pull.MXParser::nextTag (82 bytes)
Event: 3.142 Thread 0x000001573819dbf0 nmethod 1024 0x0000015725294c10 code [0x0000015725294e80, 0x00000157252957c8]
Event: 3.155 Thread 0x000001573819dbf0 1025       3       java.lang.StringLatin1::trim (76 bytes)
Event: 3.156 Thread 0x000001573819dbf0 nmethod 1025 0x0000015725295b90 code [0x0000015725295d40, 0x0000015725296130]
Event: 3.201 Thread 0x000001573819dbf0 1027       3       org.eclipse.sisu.plexus.PlexusXmlScanner::TEXT (10 bytes)
Event: 3.202 Thread 0x000001573819dbf0 nmethod 1027 0x0000015725296290 code [0x0000015725296460, 0x0000015725296800]
Event: 3.202 Thread 0x000001573819dbf0 1028       3       org.codehaus.plexus.util.xml.pull.MXParser::nextText (103 bytes)

GC Heap History (2 events):
Event: 2.570 GC heap before
{Heap before GC invocations=0 (full 0):
 garbage-first heap   total 63488K, used 12288K [0x00000000c2a00000, 0x0000000100000000)
  region size 1024K, 13 young (13312K), 0 survivors (0K)
 Metaspace       used 3739K, committed 3904K, reserved 1114112K
  class space    used 395K, committed 448K, reserved 1048576K
}
Event: 2.588 GC heap after
{Heap after GC invocations=1 (full 0):
 garbage-first heap   total 63488K, used 3200K [0x00000000c2a00000, 0x0000000100000000)
  region size 1024K, 2 young (2048K), 2 survivors (2048K)
 Metaspace       used 3739K, committed 3904K, reserved 1114112K
  class space    used 395K, committed 448K, reserved 1048576K
}

Dll operation events (8 events):
Event: 0.028 Loaded shared library C:\Program Files\Java\jdk-20\bin\java.dll
Event: 0.068 Loaded shared library C:\Program Files\Java\jdk-20\bin\jsvml.dll
Event: 0.318 Loaded shared library C:\Program Files\Java\jdk-20\bin\net.dll
Event: 0.325 Loaded shared library C:\Program Files\Java\jdk-20\bin\nio.dll
Event: 0.341 Loaded shared library C:\Program Files\Java\jdk-20\bin\zip.dll
Event: 1.026 Loaded shared library C:\Program Files\Java\jdk-20\bin\jimage.dll
Event: 1.059 Loaded shared library C:\Program Files\NetBeans-15\netbeans\java\maven\lib\jansi-native\Windows\x86_64\jansi.dll
Event: 1.113 Loaded shared library C:\Program Files\Java\jdk-20\bin\verify.dll

Deoptimization events (20 events):
Event: 2.986 Thread 0x000001571b8015a0 Uncommon trap: trap_request=0xffffffde fr.pc=0x000001572cbb2498 relative=0x0000000000000118
Event: 2.986 Thread 0x000001571b8015a0 Uncommon trap: reason=class_check action=maybe_recompile pc=0x000001572cbb2498 method=jdk.internal.misc.Unsafe.allocateUninitializedArray(Ljava/lang/Class;I)Ljava/lang/Object; @ 51 c2
Event: 2.987 Thread 0x000001571b8015a0 DEOPT PACKING pc=0x000001572cbb2498 sp=0x0000003ed97fd8e0
Event: 2.987 Thread 0x000001571b8015a0 DEOPT UNPACKING pc=0x000001572c639d1c sp=0x0000003ed97fd858 mode 2
Event: 2.987 Thread 0x000001571b8015a0 Uncommon trap: trap_request=0xffffffde fr.pc=0x000001572cbb2498 relative=0x0000000000000118
Event: 2.987 Thread 0x000001571b8015a0 Uncommon trap: reason=class_check action=maybe_recompile pc=0x000001572cbb2498 method=jdk.internal.misc.Unsafe.allocateUninitializedArray(Ljava/lang/Class;I)Ljava/lang/Object; @ 51 c2
Event: 2.987 Thread 0x000001571b8015a0 DEOPT PACKING pc=0x000001572cbb2498 sp=0x0000003ed97fd980
Event: 2.987 Thread 0x000001571b8015a0 DEOPT UNPACKING pc=0x000001572c639d1c sp=0x0000003ed97fd8f8 mode 2
Event: 2.987 Thread 0x000001571b8015a0 Uncommon trap: trap_request=0xffffffde fr.pc=0x000001572cbb2498 relative=0x0000000000000118
Event: 2.987 Thread 0x000001571b8015a0 Uncommon trap: reason=class_check action=maybe_recompile pc=0x000001572cbb2498 method=jdk.internal.misc.Unsafe.allocateUninitializedArray(Ljava/lang/Class;I)Ljava/lang/Object; @ 51 c2
Event: 2.987 Thread 0x000001571b8015a0 DEOPT PACKING pc=0x000001572cbb2498 sp=0x0000003ed97fd8d0
Event: 2.987 Thread 0x000001571b8015a0 DEOPT UNPACKING pc=0x000001572c639d1c sp=0x0000003ed97fd848 mode 2
Event: 2.987 Thread 0x000001571b8015a0 Uncommon trap: trap_request=0xffffffde fr.pc=0x000001572cbb2498 relative=0x0000000000000118
Event: 2.987 Thread 0x000001571b8015a0 Uncommon trap: reason=class_check action=maybe_recompile pc=0x000001572cbb2498 method=jdk.internal.misc.Unsafe.allocateUninitializedArray(Ljava/lang/Class;I)Ljava/lang/Object; @ 51 c2
Event: 2.987 Thread 0x000001571b8015a0 DEOPT PACKING pc=0x000001572cbb2498 sp=0x0000003ed97fd970
Event: 2.987 Thread 0x000001571b8015a0 DEOPT UNPACKING pc=0x000001572c639d1c sp=0x0000003ed97fd8e8 mode 2
Event: 3.006 Thread 0x000001571b8015a0 Uncommon trap: trap_request=0xffffffde fr.pc=0x000001572cb9bcd0 relative=0x0000000000000670
Event: 3.006 Thread 0x000001571b8015a0 Uncommon trap: reason=class_check action=maybe_recompile pc=0x000001572cb9bcd0 method=java.util.regex.Matcher.search(I)Z @ 121 c2
Event: 3.007 Thread 0x000001571b8015a0 DEOPT PACKING pc=0x000001572cb9bcd0 sp=0x0000003ed97fe350
Event: 3.007 Thread 0x000001571b8015a0 DEOPT UNPACKING pc=0x000001572c639d1c sp=0x0000003ed97fe320 mode 2

Classes loaded (20 events):
Event: 2.879 Loading class sun/reflect/generics/repository/ClassRepository
Event: 2.879 Loading class sun/reflect/generics/repository/GenericDeclRepository
Event: 2.879 Loading class sun/reflect/generics/repository/AbstractRepository
Event: 2.879 Loading class sun/reflect/generics/repository/AbstractRepository done
Event: 2.880 Loading class sun/reflect/generics/repository/GenericDeclRepository done
Event: 2.880 Loading class sun/reflect/generics/repository/ClassRepository done
Event: 2.880 Loading class java/lang/reflect/TypeVariable
Event: 2.880 Loading class java/lang/reflect/TypeVariable done
Event: 2.880 Loading class sun/reflect/generics/tree/FormalTypeParameter
Event: 2.880 Loading class sun/reflect/generics/tree/FormalTypeParameter done
Event: 2.880 Loading class sun/reflect/generics/tree/ClassSignature
Event: 2.881 Loading class sun/reflect/generics/tree/Signature
Event: 2.881 Loading class sun/reflect/generics/tree/Signature done
Event: 2.881 Loading class sun/reflect/generics/tree/ClassSignature done
Event: 2.881 Loading class java/lang/reflect/WildcardType
Event: 2.881 Loading class java/lang/reflect/WildcardType done
Event: 2.891 Loading class sun/reflect/generics/tree/TypeVariableSignature
Event: 2.892 Loading class sun/reflect/generics/tree/TypeVariableSignature done
Event: 2.935 Loading class java/lang/annotation/IncompleteAnnotationException
Event: 2.935 Loading class java/lang/annotation/IncompleteAnnotationException done

Classes unloaded (0 events):
No events

Classes redefined (0 events):
No events

Internal exceptions (12 events):
Event: 0.957 Thread 0x000001571b8015a0 Exception <a 'java/lang/NoSuchMethodError'{0x00000000c6475010}: 'java.lang.Object java.lang.invoke.Invokers$Holder.invokeExact_MT(java.lang.Object, java.lang.Object, java.lang.Object, java.lang.Object, java.lang.Object)'> (0x00000000c6475010) 
thrown [s\open\src\hotspot\share\interpreter\linkResolver.cpp, line 773]
Event: 1.010 Thread 0x000001571b8015a0 Exception <a 'java/lang/NullPointerException'{0x00000000c64cafe0}> (0x00000000c64cafe0) 
thrown [s\open\src\hotspot\share\interpreter\linkResolver.cpp, line 1373]
Event: 1.068 Thread 0x000001571b8015a0 Exception <a 'java/lang/NullPointerException'{0x00000000c64f6c48}> (0x00000000c64f6c48) 
thrown [s\open\src\hotspot\share\interpreter\linkResolver.cpp, line 1373]
Event: 1.068 Thread 0x000001571b8015a0 Exception <a 'java/lang/NullPointerException'{0x00000000c64f6f28}> (0x00000000c64f6f28) 
thrown [s\open\src\hotspot\share\interpreter\linkResolver.cpp, line 1373]
Event: 1.068 Thread 0x000001571b8015a0 Exception <a 'java/lang/NullPointerException'{0x00000000c64f7208}> (0x00000000c64f7208) 
thrown [s\open\src\hotspot\share\interpreter\linkResolver.cpp, line 1373]
Event: 1.073 Thread 0x000001571b8015a0 Exception <a 'java/lang/NullPointerException'{0x00000000c64fbfe0}> (0x00000000c64fbfe0) 
thrown [s\open\src\hotspot\share\interpreter\linkResolver.cpp, line 1373]
Event: 1.082 Thread 0x000001571b8015a0 Exception <a 'java/lang/NullPointerException'{0x00000000c630fbe8}> (0x00000000c630fbe8) 
thrown [s\open\src\hotspot\share\interpreter\linkResolver.cpp, line 1373]
Event: 1.082 Thread 0x000001571b8015a0 Exception <a 'java/lang/NullPointerException'{0x00000000c630fec8}> (0x00000000c630fec8) 
thrown [s\open\src\hotspot\share\interpreter\linkResolver.cpp, line 1373]
Event: 1.083 Thread 0x000001571b8015a0 Exception <a 'java/lang/NullPointerException'{0x00000000c63101a8}> (0x00000000c63101a8) 
thrown [s\open\src\hotspot\share\interpreter\linkResolver.cpp, line 1373]
Event: 1.083 Thread 0x000001571b8015a0 Exception <a 'java/lang/NullPointerException'{0x00000000c6310488}> (0x00000000c6310488) 
thrown [s\open\src\hotspot\share\interpreter\linkResolver.cpp, line 1373]
Event: 2.747 Thread 0x000001571b8015a0 Exception <a 'java/lang/NoSuchMethodError'{0x00000000c661af28}: 'java.lang.Object java.lang.invoke.DirectMethodHandle$Holder.newInvokeSpecial(java.lang.Object, java.lang.Object, java.lang.Object, java.lang.Object, java.lang.Object)'> (0x00000000c661af28) 
thrown [s\open\src\hotspot\share\interpreter\linkResolver.cpp, line 773]
Event: 2.936 Thread 0x000001571b8015a0 Exception <a 'java/lang/NoClassDefFoundError'{0x00000000c656b2e8}: javax/enterprise/inject/Typed> (0x00000000c656b2e8) 
thrown [s\open\src\hotspot\share\classfile\systemDictionary.cpp, line 294]

VM Operations (14 events):
Event: 0.346 Executing VM operation: HandshakeAllThreads
Event: 0.346 Executing VM operation: HandshakeAllThreads done
Event: 1.005 Executing VM operation: HandshakeAllThreads
Event: 1.005 Executing VM operation: HandshakeAllThreads done
Event: 1.041 Executing VM operation: HandshakeAllThreads
Event: 1.041 Executing VM operation: HandshakeAllThreads done
Event: 1.514 Executing VM operation: HandshakeAllThreads
Event: 1.514 Executing VM operation: HandshakeAllThreads done
Event: 1.514 Executing VM operation: Cleanup
Event: 1.514 Executing VM operation: Cleanup done
Event: 2.530 Executing VM operation: Cleanup
Event: 2.531 Executing VM operation: Cleanup done
Event: 2.570 Executing VM operation: G1CollectForAllocation
Event: 2.588 Executing VM operation: G1CollectForAllocation done

Events (12 events):
Event: 0.069 Thread 0x000001571b8015a0 Thread added: 0x000001571b8015a0
Event: 0.137 Thread 0x000001573818e360 Thread added: 0x000001573818e360
Event: 0.137 Thread 0x000001573818ed70 Thread added: 0x000001573818ed70
Event: 0.139 Thread 0x000001573818fb90 Thread added: 0x000001573818fb90
Event: 0.139 Thread 0x00000157381912f0 Thread added: 0x00000157381912f0
Event: 0.140 Thread 0x0000015738193850 Thread added: 0x0000015738193850
Event: 0.140 Thread 0x0000015738193da0 Thread added: 0x0000015738193da0
Event: 0.141 Thread 0x0000015738199640 Thread added: 0x0000015738199640
Event: 0.148 Thread 0x000001573819dbf0 Thread added: 0x000001573819dbf0
Event: 0.288 Thread 0x000001573c47ed70 Thread added: 0x000001573c47ed70
Event: 0.302 Thread 0x000001573c48ee80 Thread added: 0x000001573c48ee80
Event: 3.030 Thread 0x000001573ceeb0b0 Thread added: 0x000001573ceeb0b0


Dynamic libraries:
0x00007ff7c0f30000 - 0x00007ff7c0f40000 	C:\Program Files\Java\jdk-20\bin\java.exe
0x00007ffd2fdd0000 - 0x00007ffd2ffc8000 	C:\Windows\SYSTEM32\ntdll.dll
0x00007ffd2ee70000 - 0x00007ffd2ef2f000 	C:\Windows\System32\KERNEL32.DLL
0x00007ffd2d780000 - 0x00007ffd2da76000 	C:\Windows\System32\KERNELBASE.dll
0x00007ffd2d5c0000 - 0x00007ffd2d6c0000 	C:\Windows\System32\ucrtbase.dll
0x00007ffcf2f90000 - 0x00007ffcf2fab000 	C:\Program Files\Java\jdk-20\bin\VCRUNTIME140.dll
0x00007ffd28dd0000 - 0x00007ffd28de9000 	C:\Program Files\Java\jdk-20\bin\jli.dll
0x00007ffd2e0f0000 - 0x00007ffd2e19f000 	C:\Windows\System32\ADVAPI32.dll
0x00007ffd2e820000 - 0x00007ffd2e8be000 	C:\Windows\System32\msvcrt.dll
0x00007ffd2e3e0000 - 0x00007ffd2e47c000 	C:\Windows\System32\sechost.dll
0x00007ffd2e280000 - 0x00007ffd2e3a6000 	C:\Windows\System32\RPCRT4.dll
0x00007ffd2e950000 - 0x00007ffd2eaed000 	C:\Windows\System32\USER32.dll
0x00007ffd2dd00000 - 0x00007ffd2dd22000 	C:\Windows\System32\win32u.dll
0x00007ffd2e3b0000 - 0x00007ffd2e3dc000 	C:\Windows\System32\GDI32.dll
0x00007ffd1a880000 - 0x00007ffd1ab1a000 	C:\Windows\WinSxS\amd64_microsoft.windows.common-controls_6595b64144ccf1df_6.0.19041.1110_none_60b5254171f9507e\COMCTL32.dll
0x00007ffd2da80000 - 0x00007ffd2db95000 	C:\Windows\System32\gdi32full.dll
0x00007ffd2d4b0000 - 0x00007ffd2d54d000 	C:\Windows\System32\msvcp_win.dll
0x00007ffd1d770000 - 0x00007ffd1d77a000 	C:\Windows\SYSTEM32\VERSION.dll
0x00007ffd2e7f0000 - 0x00007ffd2e820000 	C:\Windows\System32\IMM32.DLL
0x00007ffcf2f80000 - 0x00007ffcf2f8c000 	C:\Program Files\Java\jdk-20\bin\vcruntime140_1.dll
0x00007ffce97e0000 - 0x00007ffce986e000 	C:\Program Files\Java\jdk-20\bin\msvcp140.dll
0x00007ffce8b20000 - 0x00007ffce97b7000 	C:\Program Files\Java\jdk-20\bin\server\jvm.dll
0x00007ffd1cf50000 - 0x00007ffd1cf77000 	C:\Windows\SYSTEM32\WINMM.dll
0x00007ffd28c20000 - 0x00007ffd28c29000 	C:\Windows\SYSTEM32\WSOCK32.dll
0x00007ffd2ee00000 - 0x00007ffd2ee6b000 	C:\Windows\System32\WS2_32.dll
0x00007ffd2b370000 - 0x00007ffd2b382000 	C:\Windows\SYSTEM32\kernel.appcore.dll
0x00007ffcf2f30000 - 0x00007ffcf2f3a000 	C:\Program Files\Java\jdk-20\bin\jimage.dll
0x00007ffd28630000 - 0x00007ffd28814000 	C:\Windows\SYSTEM32\DBGHELP.DLL
0x00007ffd1ce20000 - 0x00007ffd1ce54000 	C:\Windows\SYSTEM32\dbgcore.DLL
0x00007ffd2d6f0000 - 0x00007ffd2d772000 	C:\Windows\System32\bcryptPrimitives.dll
0x00007ffce9a70000 - 0x00007ffce9a96000 	C:\Program Files\Java\jdk-20\bin\java.dll
0x00007ffce8850000 - 0x00007ffce8927000 	C:\Program Files\Java\jdk-20\bin\jsvml.dll
0x00007ffd2ef30000 - 0x00007ffd2f674000 	C:\Windows\System32\SHELL32.dll
0x00007ffd2b570000 - 0x00007ffd2bd03000 	C:\Windows\SYSTEM32\windows.storage.dll
0x00007ffd2e480000 - 0x00007ffd2e7d4000 	C:\Windows\System32\combase.dll
0x00007ffd2ce30000 - 0x00007ffd2ce5e000 	C:\Windows\SYSTEM32\Wldp.dll
0x00007ffd2f680000 - 0x00007ffd2f72d000 	C:\Windows\System32\SHCORE.dll
0x00007ffd2eb00000 - 0x00007ffd2eb55000 	C:\Windows\System32\shlwapi.dll
0x00007ffd2d3f0000 - 0x00007ffd2d40f000 	C:\Windows\SYSTEM32\profapi.dll
0x00007ffce9a50000 - 0x00007ffce9a63000 	C:\Program Files\Java\jdk-20\bin\net.dll
0x00007ffd1ff00000 - 0x00007ffd2000a000 	C:\Windows\SYSTEM32\WINHTTP.dll
0x00007ffd2cb90000 - 0x00007ffd2cbfa000 	C:\Windows\system32\mswsock.dll
0x00007ffce9a30000 - 0x00007ffce9a46000 	C:\Program Files\Java\jdk-20\bin\nio.dll
0x00007ffce9a10000 - 0x00007ffce9a28000 	C:\Program Files\Java\jdk-20\bin\zip.dll
0x0000000069ac0000 - 0x0000000069ae4000 	C:\Program Files\NetBeans-15\netbeans\java\maven\lib\jansi-native\Windows\x86_64\jansi.dll
0x00007ffcf2f20000 - 0x00007ffcf2f30000 	C:\Program Files\Java\jdk-20\bin\verify.dll

dbghelp: loaded successfully - version: 4.0.5 - missing functions: none
symbol engine: initialized successfully - sym options: 0x614 - pdb path: .;C:\Program Files\Java\jdk-20\bin;C:\Windows\SYSTEM32;C:\Windows\WinSxS\amd64_microsoft.windows.common-controls_6595b64144ccf1df_6.0.19041.1110_none_60b5254171f9507e;C:\Program Files\Java\jdk-20\bin\server;C:\Program Files\NetBeans-15\netbeans\java\maven\lib\jansi-native\Windows\x86_64

VM Arguments:
jvm_args: -Dclassworlds.conf=C:\Program Files\NetBeans-15\netbeans\java\maven\bin\m2.conf -Dmaven.home=C:\Program Files\NetBeans-15\netbeans\java\maven -Dlibrary.jansi.path=C:\Program Files\NetBeans-15\netbeans\java\maven\lib\jansi-native -Dmaven.multiModuleProjectDirectory=C:\Users\cemdiego\OneDrive\Documentos\NetBeansProjects\NovoBatalhaNaval 
java_command: org.codehaus.plexus.classworlds.launcher.Launcher -Dexec.vmArgs= -Dexec.args=${exec.vmArgs} -classpath %classpath ${exec.mainClass} ${exec.appArgs} -Dexec.executable=C:\Program Files\Java\jdk-20\bin\java.exe -Dexec.mainClass=exemplo.NovoBatalhaNaval -Dexec.classpathScope=runtime -Dexec.appArgs= -Dmaven.ext.class.path=C:\Program Files\NetBeans-15\netbeans\java\maven-nblib\netbeans-eventspy.jar org.codehaus.mojo:exec-maven-plugin:3.0.0:exec
java_class_path (initial): C:\Program Files\NetBeans-15\netbeans\java\maven\boot\plexus-classworlds-2.6.0.jar
Launcher Type: SUN_STANDARD

[Global flags]
     intx CICompilerCount                          = 3                                         {product} {ergonomic}
     uint ConcGCThreads                            = 1                                         {product} {ergonomic}
     uint G1ConcRefinementThreads                  = 4                                         {product} {ergonomic}
   size_t G1HeapRegionSize                         = 1048576                                   {product} {ergonomic}
    uintx GCDrainStackTargetSize                   = 64                                        {product} {ergonomic}
   size_t InitialHeapSize                          = 65011712                                  {product} {ergonomic}
   size_t MarkStackSize                            = 4194304                                   {product} {ergonomic}
   size_t MaxHeapSize                              = 1029701632                                {product} {ergonomic}
   size_t MaxNewSize                               = 617611264                                 {product} {ergonomic}
   size_t MinHeapDeltaBytes                        = 1048576                                   {product} {ergonomic}
   size_t MinHeapSize                              = 8388608                                   {product} {ergonomic}
    uintx NonNMethodCodeHeapSize                   = 5832780                                {pd product} {ergonomic}
    uintx NonProfiledCodeHeapSize                  = 122912730                              {pd product} {ergonomic}
    uintx ProfiledCodeHeapSize                     = 122912730                              {pd product} {ergonomic}
    uintx ReservedCodeCacheSize                    = 251658240                              {pd product} {ergonomic}
     bool SegmentedCodeCache                       = true                                      {product} {ergonomic}
   size_t SoftMaxHeapSize                          = 1029701632                             {manageable} {ergonomic}
     bool UseCompressedClassPointers               = true                           {product lp64_product} {ergonomic}
     bool UseCompressedOops                        = true                           {product lp64_product} {ergonomic}
     bool UseG1GC                                  = true                                      {product} {ergonomic}
     bool UseLargePagesIndividualAllocation        = false                                  {pd product} {ergonomic}

Logging:
Log output configuration:
 #0: stdout all=warning uptime,level,tags foldmultilines=false
 #1: stderr all=off uptime,level,tags foldmultilines=false

Environment Variables:
JAVA_HOME=C:\Program Files\Java\jdk-20
PATH=C:\Program Files\Eclipse Adoptium\jdk-17.0.7.7-hotspot\bin;C:\Program Files\Common Files\Oracle\Java\javapath;C:\Program Files (x86)\Common Files\Oracle\Java\javapath;C:\Windows\system32;C:\Windows;C:\Windows\System32\Wbem;C:\Windows\System32\WindowsPowerShell\v1.0\;C:\Windows\System32\OpenSSH\;C:\Program Files\nodejs\;C:\Program Files\Git\cmd;C:\Users\cemdiego\Downloads\mongodb-windows-x86_64-6.0.6\mongodb-win32-x86_64-windows-6.0.6\bin;C:\Users\cemdiego\AppData\Local\Programs\Microsoft VS Code\bin;C:\Users\cemdiego\AppData\Roaming\npm;
USERNAME=cemdiego
OS=Windows_NT
PROCESSOR_IDENTIFIER=Intel64 Family 6 Model 76 Stepping 3, GenuineIntel
TMP=C:\Users\cemdiego\AppData\Local\Temp
TEMP=C:\Users\cemdiego\AppData\Local\Temp




---------------  S Y S T E M  ---------------

OS:
 Windows 10 , 64 bit Build 19041 (10.0.19041.2913)
OS uptime: 0 days 21:06 hours

CPU: total 4 (initial active 4) (4 cores per cpu, 1 threads per core) family 6 model 76 stepping 3 microcode 0x368, cx8, cmov, fxsr, mmx, 3dnowpref, sse, sse2, sse3, ssse3, sse4.1, sse4.2, popcnt, tsc, tscinvbit, aes, erms, clmul, clflush, rdtscp

Memory: 4k page, system-wide physical 3923M (651M free)
TotalPageFile size 10183M (AvailPageFile size 3M)
current process WorkingSet (physical memory assigned to process): 69M, peak: 69M
current process commit charge ("private bytes"): 152M, peak: 152M

vm_info: Java HotSpot(TM) 64-Bit Server VM (20.0.1+9-29) for windows-amd64 JRE (20.0.1+9-29), built on 2023-03-07T13:56:11Z by "mach5one" with MS VC++ 17.1 (VS2022)

END.
